# JRE version: OpenJDK Runtime Environment (8.0_131-b11) (build 1.8.0_131-8u131-b11-0ubuntu1.16.04.2-b11)
# Java VM: OpenJDK 64-Bit Server VM (25.131-b11 mixed mode linux-amd64 compressed oops)
Heap:
 PSYoungGen      total 174080K, used 18405K [0x00000000e0000000, 0x00000000ed400000, 0x0000000100000000)
  eden space 155648K, 0% used [0x00000000e0000000,0x00000000e0000000,0x00000000e9800000)
  from space 18432K, 99% used [0x00000000eb180000,0x00000000ec3794a0,0x00000000ec380000)
  to   space 26112K, 0% used [0x00000000e9800000,0x00000000e9800000,0x00000000eb180000)
 ParOldGen       total 108032K, used 35952K [0x00000000a0000000, 0x00000000a6980000, 0x00000000e0000000)
  object space 108032K, 33% used [0x00000000a0000000,0x00000000a231c280,0x00000000a6980000)
 Metaspace       used 57283K, capacity 59006K, committed 59160K, reserved 1099776K
  class space    used 7609K, capacity 7944K, committed 8064K, reserved 1048576K
GC Heap History (10 events):
Event: 9,265 GC heap after
Heap after GC invocations=10 (full 2):
 PSYoungGen      total 125952K, used 0K [0x00000000e0000000, 0x00000000ea700000, 0x0000000100000000)
  eden space 119808K, 0% used [0x00000000e0000000,0x00000000e0000000,0x00000000e7500000)
  from space 6144K, 0% used [0x00000000e8100000,0x00000000e8100000,0x00000000e8700000)
  to   space 12288K, 0% used [0x00000000e7500000,0x00000000e7500000,0x00000000e8100000)
 ParOldGen       total 108032K, used 17067K [0x00000000a0000000, 0x00000000a6980000, 0x00000000e0000000)
  object space 108032K, 15% used [0x00000000a0000000,0x00000000a10aaeb0,0x00000000a6980000)
 Metaspace       used 34826K, capacity 35396K, committed 35496K, reserved 1079296K
  class space    used 4655K, capacity 4829K, committed 4864K, reserved 1048576K
}
Event: 11,105 GC heap before
{Heap before GC invocations=11 (full 2):
 PSYoungGen      total 125952K, used 119808K [0x00000000e0000000, 0x00000000ea700000, 0x0000000100000000)
  eden space 119808K, 100% used [0x00000000e0000000,0x00000000e7500000,0x00000000e7500000)
  from space 6144K, 0% used [0x00000000e8100000,0x00000000e8100000,0x00000000e8700000)
  to   space 12288K, 0% used [0x00000000e7500000,0x00000000e7500000,0x00000000e8100000)
 ParOldGen       total 108032K, used 17067K [0x00000000a0000000, 0x00000000a6980000, 0x00000000e0000000)
  object space 108032K, 15% used [0x00000000a0000000,0x00000000a10aaeb0,0x00000000a6980000)
 Metaspace       used 42563K, capacity 43434K, committed 43648K, reserved 1087488K
  class space    used 5686K, capacity 5905K, committed 6016K, reserved 1048576K
Event: 11,115 GC heap after
Heap after GC invocations=11 (full 2):
 PSYoungGen      total 132096K, used 10698K [0x00000000e0000000, 0x00000000ea500000, 0x0000000100000000)
  eden space 119808K, 0% used [0x00000000e0000000,0x00000000e0000000,0x00000000e7500000)
  from space 12288K, 87% used [0x00000000e7500000,0x00000000e7f72a30,0x00000000e8100000)
  to   space 13312K, 0% used [0x00000000e9800000,0x00000000e9800000,0x00000000ea500000)
 ParOldGen       total 108032K, used 17075K [0x00000000a0000000, 0x00000000a6980000, 0x00000000e0000000)
  object space 108032K, 15% used [0x00000000a0000000,0x00000000a10aceb0,0x00000000a6980000)
 Metaspace       used 42563K, capacity 43434K, committed 43648K, reserved 1087488K
  class space    used 5686K, capacity 5905K, committed 6016K, reserved 1048576K
}
Event: 13,772 GC heap before
{Heap before GC invocations=12 (full 2):
 PSYoungGen      total 132096K, used 130506K [0x00000000e0000000, 0x00000000ea500000, 0x0000000100000000)
  eden space 119808K, 100% used [0x00000000e0000000,0x00000000e7500000,0x00000000e7500000)
  from space 12288K, 87% used [0x00000000e7500000,0x00000000e7f72a30,0x00000000e8100000)
  to   space 13312K, 0% used [0x00000000e9800000,0x00000000e9800000,0x00000000ea500000)
 ParOldGen       total 108032K, used 17075K [0x00000000a0000000, 0x00000000a6980000, 0x00000000e0000000)
  object space 108032K, 15% used [0x00000000a0000000,0x00000000a10aceb0,0x00000000a6980000)
 Metaspace       used 49977K, capacity 51604K, committed 51712K, reserved 1093632K
  class space    used 6792K, capacity 7114K, committed 7168K, reserved 1048576K
Event: 13,794 GC heap after
Heap after GC invocations=12 (full 2):
 PSYoungGen      total 152064K, used 13312K [0x00000000e0000000, 0x00000000eaa80000, 0x0000000100000000)
  eden space 138752K, 0% used [0x00000000e0000000,0x00000000e0000000,0x00000000e8780000)
  from space 13312K, 100% used [0x00000000e9800000,0x00000000ea500000,0x00000000ea500000)
  to   space 16896K, 0% used [0x00000000e8780000,0x00000000e8780000,0x00000000e9800000)
 ParOldGen       total 108032K, used 22842K [0x00000000a0000000, 0x00000000a6980000, 0x00000000e0000000)
  object space 108032K, 21% used [0x00000000a0000000,0x00000000a164e9e8,0x00000000a6980000)
 Metaspace       used 49977K, capacity 51604K, committed 51712K, reserved 1093632K
  class space    used 6792K, capacity 7114K, committed 7168K, reserved 1048576K
}
Event: 16,368 GC heap before
{Heap before GC invocations=13 (full 2):
 PSYoungGen      total 152064K, used 152064K [0x00000000e0000000, 0x00000000eaa80000, 0x0000000100000000)
  eden space 138752K, 100% used [0x00000000e0000000,0x00000000e8780000,0x00000000e8780000)
  from space 13312K, 100% used [0x00000000e9800000,0x00000000ea500000,0x00000000ea500000)
  to   space 16896K, 0% used [0x00000000e8780000,0x00000000e8780000,0x00000000e9800000)
 ParOldGen       total 108032K, used 22842K [0x00000000a0000000, 0x00000000a6980000, 0x00000000e0000000)
  object space 108032K, 21% used [0x00000000a0000000,0x00000000a164e9e8,0x00000000a6980000)
 Metaspace       used 51627K, capacity 53302K, committed 53632K, reserved 1095680K
  class space    used 6919K, capacity 7247K, committed 7296K, reserved 1048576K
Event: 16,403 GC heap after
Heap after GC invocations=13 (full 2):
 PSYoungGen      total 155648K, used 15559K [0x00000000e0000000, 0x00000000ec380000, 0x0000000100000000)
  eden space 138752K, 0% used [0x00000000e0000000,0x00000000e0000000,0x00000000e8780000)
  from space 16896K, 92% used [0x00000000e8780000,0x00000000e96b1e90,0x00000000e9800000)
  to   space 18432K, 0% used [0x00000000eb180000,0x00000000eb180000,0x00000000ec380000)
 ParOldGen       total 108032K, used 22850K [0x00000000a0000000, 0x00000000a6980000, 0x00000000e0000000)
  object space 108032K, 21% used [0x00000000a0000000,0x00000000a16509e8,0x00000000a6980000)
 Metaspace       used 51627K, capacity 53302K, committed 53632K, reserved 1095680K
  class space    used 6919K, capacity 7247K, committed 7296K, reserved 1048576K
}
Event: 18,498 GC heap before
{Heap before GC invocations=14 (full 2):
 PSYoungGen      total 155648K, used 132352K [0x00000000e0000000, 0x00000000ec380000, 0x0000000100000000)
  eden space 138752K, 84% used [0x00000000e0000000,0x00000000e720e4e0,0x00000000e8780000)
  from space 16896K, 92% used [0x00000000e8780000,0x00000000e96b1e90,0x00000000e9800000)
  to   space 18432K, 0% used [0x00000000eb180000,0x00000000eb180000,0x00000000ec380000)
 ParOldGen       total 108032K, used 22850K [0x00000000a0000000, 0x00000000a6980000, 0x00000000e0000000)
  object space 108032K, 21% used [0x00000000a0000000,0x00000000a16509e8,0x00000000a6980000)
 Metaspace       used 57283K, capacity 59006K, committed 59160K, reserved 1099776K
  class space    used 7609K, capacity 7944K, committed 8064K, reserved 1048576K
Event: 18,533 GC heap after
Heap after GC invocations=14 (full 2):
 PSYoungGen      total 174080K, used 18405K [0x00000000e0000000, 0x00000000ed400000, 0x0000000100000000)
  eden space 155648K, 0% used [0x00000000e0000000,0x00000000e0000000,0x00000000e9800000)
  from space 18432K, 99% used [0x00000000eb180000,0x00000000ec3794a0,0x00000000ec380000)
  to   space 26112K, 0% used [0x00000000e9800000,0x00000000e9800000,0x00000000eb180000)
 ParOldGen       total 108032K, used 35952K [0x00000000a0000000, 0x00000000a6980000, 0x00000000e0000000)
  object space 108032K, 33% used [0x00000000a0000000,0x00000000a231c280,0x00000000a6980000)
 Metaspace       used 57283K, capacity 59006K, committed 59160K, reserved 1099776K
  class space    used 7609K, capacity 7944K, committed 8064K, reserved 1048576K
}
Event: 18,533 GC heap before
{Heap before GC invocations=15 (full 3):
 PSYoungGen      total 174080K, used 18405K [0x00000000e0000000, 0x00000000ed400000, 0x0000000100000000)
  eden space 155648K, 0% used [0x00000000e0000000,0x00000000e0000000,0x00000000e9800000)
  from space 18432K, 99% used [0x00000000eb180000,0x00000000ec3794a0,0x00000000ec380000)
  to   space 26112K, 0% used [0x00000000e9800000,0x00000000e9800000,0x00000000eb180000)
 ParOldGen       total 108032K, used 35952K [0x00000000a0000000, 0x00000000a6980000, 0x00000000e0000000)
  object space 108032K, 33% used [0x00000000a0000000,0x00000000a231c280,0x00000000a6980000)
 Metaspace       used 57283K, capacity 59006K, committed 59160K, reserved 1099776K
  class space    used 7609K, capacity 7944K, committed 8064K, reserved 1048576K

